-------------------------------------------------------------------------------
Test set: com.sg.zhsd.jsgl.DemoApplicationTests
-------------------------------------------------------------------------------
Tests run: 1, Failures: 0, Errors: 1, Skipped: 0, Time elapsed: 0.431 s <<< FAILURE! - in com.sg.zhsd.jsgl.DemoApplicationTests
initializationError(com.sg.zhsd.jsgl.DemoApplicationTests)  Time elapsed: 0.006 s  <<< ERROR!
java.lang.IllegalStateException: Unable to find a @SpringBootConfiguration, you need to use @ContextConfiguration or @SpringBootTest(classes=...) with your test

